2025-01-15T22:34:03.383Z, error: Error Error: Error
    at /Users/antoniojosebraun/study/angular_nodejs/backend/src/index.ts:20:11
    at Layer.handle [as handle_request] (/Users/antoniojosebraun/study/angular_nodejs/backend/node_modules/express/lib/router/layer.js:95:5)
    at trim_prefix (/Users/antoniojosebraun/study/angular_nodejs/backend/node_modules/express/lib/router/index.js:328:13)
    at /Users/antoniojosebraun/study/angular_nodejs/backend/node_modules/express/lib/router/index.js:286:9
    at Function.process_params (/Users/antoniojosebraun/study/angular_nodejs/backend/node_modules/express/lib/router/index.js:346:12)
    at next (/Users/antoniojosebraun/study/angular_nodejs/backend/node_modules/express/lib/router/index.js:280:10)
    at urlencodedParser (/Users/antoniojosebraun/study/angular_nodejs/backend/node_modules/body-parser/lib/types/urlencoded.js:94:7)
    at Layer.handle [as handle_request] (/Users/antoniojosebraun/study/angular_nodejs/backend/node_modules/express/lib/router/layer.js:95:5)
    at trim_prefix (/Users/antoniojosebraun/study/angular_nodejs/backend/node_modules/express/lib/router/index.js:328:13)
    at /Users/antoniojosebraun/study/angular_nodejs/backend/node_modules/express/lib/router/index.js:286:9
2025-01-15T22:34:44.468Z, error: Error Error: Error
    at /Users/antoniojosebraun/study/angular_nodejs/backend/src/index.ts:20:11
    at Layer.handle [as handle_request] (/Users/antoniojosebraun/study/angular_nodejs/backend/node_modules/express/lib/router/layer.js:95:5)
    at trim_prefix (/Users/antoniojosebraun/study/angular_nodejs/backend/node_modules/express/lib/router/index.js:328:13)
    at /Users/antoniojosebraun/study/angular_nodejs/backend/node_modules/express/lib/router/index.js:286:9
    at Function.process_params (/Users/antoniojosebraun/study/angular_nodejs/backend/node_modules/express/lib/router/index.js:346:12)
    at next (/Users/antoniojosebraun/study/angular_nodejs/backend/node_modules/express/lib/router/index.js:280:10)
    at urlencodedParser (/Users/antoniojosebraun/study/angular_nodejs/backend/node_modules/body-parser/lib/types/urlencoded.js:94:7)
    at Layer.handle [as handle_request] (/Users/antoniojosebraun/study/angular_nodejs/backend/node_modules/express/lib/router/layer.js:95:5)
    at trim_prefix (/Users/antoniojosebraun/study/angular_nodejs/backend/node_modules/express/lib/router/index.js:328:13)
    at /Users/antoniojosebraun/study/angular_nodejs/backend/node_modules/express/lib/router/index.js:286:9
2025-01-15T22:35:08.932Z, error: Error Error: Error
    at /Users/antoniojosebraun/study/angular_nodejs/backend/src/index.ts:20:11
    at Layer.handle [as handle_request] (/Users/antoniojosebraun/study/angular_nodejs/backend/node_modules/express/lib/router/layer.js:95:5)
    at trim_prefix (/Users/antoniojosebraun/study/angular_nodejs/backend/node_modules/express/lib/router/index.js:328:13)
    at /Users/antoniojosebraun/study/angular_nodejs/backend/node_modules/express/lib/router/index.js:286:9
    at Function.process_params (/Users/antoniojosebraun/study/angular_nodejs/backend/node_modules/express/lib/router/index.js:346:12)
    at next (/Users/antoniojosebraun/study/angular_nodejs/backend/node_modules/express/lib/router/index.js:280:10)
    at urlencodedParser (/Users/antoniojosebraun/study/angular_nodejs/backend/node_modules/body-parser/lib/types/urlencoded.js:94:7)
    at Layer.handle [as handle_request] (/Users/antoniojosebraun/study/angular_nodejs/backend/node_modules/express/lib/router/layer.js:95:5)
    at trim_prefix (/Users/antoniojosebraun/study/angular_nodejs/backend/node_modules/express/lib/router/index.js:328:13)
    at /Users/antoniojosebraun/study/angular_nodejs/backend/node_modules/express/lib/router/index.js:286:9
2025-01-15T22:35:09.537Z, error: Error Error: Error
    at /Users/antoniojosebraun/study/angular_nodejs/backend/src/index.ts:20:11
    at Layer.handle [as handle_request] (/Users/antoniojosebraun/study/angular_nodejs/backend/node_modules/express/lib/router/layer.js:95:5)
    at trim_prefix (/Users/antoniojosebraun/study/angular_nodejs/backend/node_modules/express/lib/router/index.js:328:13)
    at /Users/antoniojosebraun/study/angular_nodejs/backend/node_modules/express/lib/router/index.js:286:9
    at Function.process_params (/Users/antoniojosebraun/study/angular_nodejs/backend/node_modules/express/lib/router/index.js:346:12)
    at next (/Users/antoniojosebraun/study/angular_nodejs/backend/node_modules/express/lib/router/index.js:280:10)
    at urlencodedParser (/Users/antoniojosebraun/study/angular_nodejs/backend/node_modules/body-parser/lib/types/urlencoded.js:94:7)
    at Layer.handle [as handle_request] (/Users/antoniojosebraun/study/angular_nodejs/backend/node_modules/express/lib/router/layer.js:95:5)
    at trim_prefix (/Users/antoniojosebraun/study/angular_nodejs/backend/node_modules/express/lib/router/index.js:328:13)
    at /Users/antoniojosebraun/study/angular_nodejs/backend/node_modules/express/lib/router/index.js:286:9
2025-01-15T22:35:09.716Z, error: Error Error: Error
    at /Users/antoniojosebraun/study/angular_nodejs/backend/src/index.ts:20:11
    at Layer.handle [as handle_request] (/Users/antoniojosebraun/study/angular_nodejs/backend/node_modules/express/lib/router/layer.js:95:5)
    at trim_prefix (/Users/antoniojosebraun/study/angular_nodejs/backend/node_modules/express/lib/router/index.js:328:13)
    at /Users/antoniojosebraun/study/angular_nodejs/backend/node_modules/express/lib/router/index.js:286:9
    at Function.process_params (/Users/antoniojosebraun/study/angular_nodejs/backend/node_modules/express/lib/router/index.js:346:12)
    at next (/Users/antoniojosebraun/study/angular_nodejs/backend/node_modules/express/lib/router/index.js:280:10)
    at urlencodedParser (/Users/antoniojosebraun/study/angular_nodejs/backend/node_modules/body-parser/lib/types/urlencoded.js:94:7)
    at Layer.handle [as handle_request] (/Users/antoniojosebraun/study/angular_nodejs/backend/node_modules/express/lib/router/layer.js:95:5)
    at trim_prefix (/Users/antoniojosebraun/study/angular_nodejs/backend/node_modules/express/lib/router/index.js:328:13)
    at /Users/antoniojosebraun/study/angular_nodejs/backend/node_modules/express/lib/router/index.js:286:9
2025-01-15T22:35:09.848Z, error: Error Error: Error
    at /Users/antoniojosebraun/study/angular_nodejs/backend/src/index.ts:20:11
    at Layer.handle [as handle_request] (/Users/antoniojosebraun/study/angular_nodejs/backend/node_modules/express/lib/router/layer.js:95:5)
    at trim_prefix (/Users/antoniojosebraun/study/angular_nodejs/backend/node_modules/express/lib/router/index.js:328:13)
    at /Users/antoniojosebraun/study/angular_nodejs/backend/node_modules/express/lib/router/index.js:286:9
    at Function.process_params (/Users/antoniojosebraun/study/angular_nodejs/backend/node_modules/express/lib/router/index.js:346:12)
    at next (/Users/antoniojosebraun/study/angular_nodejs/backend/node_modules/express/lib/router/index.js:280:10)
    at urlencodedParser (/Users/antoniojosebraun/study/angular_nodejs/backend/node_modules/body-parser/lib/types/urlencoded.js:94:7)
    at Layer.handle [as handle_request] (/Users/antoniojosebraun/study/angular_nodejs/backend/node_modules/express/lib/router/layer.js:95:5)
    at trim_prefix (/Users/antoniojosebraun/study/angular_nodejs/backend/node_modules/express/lib/router/index.js:328:13)
    at /Users/antoniojosebraun/study/angular_nodejs/backend/node_modules/express/lib/router/index.js:286:9
2025-01-15T22:36:51.452Z, error: Error |* Error: Error
    at /Users/antoniojosebraun/study/angular_nodejs/backend/src/index.ts:20:11
    at Layer.handle [as handle_request] (/Users/antoniojosebraun/study/angular_nodejs/backend/node_modules/express/lib/router/layer.js:95:5)
    at trim_prefix (/Users/antoniojosebraun/study/angular_nodejs/backend/node_modules/express/lib/router/index.js:328:13)
    at /Users/antoniojosebraun/study/angular_nodejs/backend/node_modules/express/lib/router/index.js:286:9
    at Function.process_params (/Users/antoniojosebraun/study/angular_nodejs/backend/node_modules/express/lib/router/index.js:346:12)
    at next (/Users/antoniojosebraun/study/angular_nodejs/backend/node_modules/express/lib/router/index.js:280:10)
    at urlencodedParser (/Users/antoniojosebraun/study/angular_nodejs/backend/node_modules/body-parser/lib/types/urlencoded.js:94:7)
    at Layer.handle [as handle_request] (/Users/antoniojosebraun/study/angular_nodejs/backend/node_modules/express/lib/router/layer.js:95:5)
    at trim_prefix (/Users/antoniojosebraun/study/angular_nodejs/backend/node_modules/express/lib/router/index.js:328:13)
    at /Users/antoniojosebraun/study/angular_nodejs/backend/node_modules/express/lib/router/index.js:286:9 *|
2025-01-15T22:42:24.596Z, error: Category_1.Category.findAlll is not a function |* TypeError: Category_1.Category.findAlll is not a function
    at /Users/antoniojosebraun/study/angular_nodejs/backend/src/index.ts:23:20
    at Generator.next (<anonymous>)
    at /Users/antoniojosebraun/study/angular_nodejs/backend/src/index.ts:8:71
    at new Promise (<anonymous>)
    at __awaiter (/Users/antoniojosebraun/study/angular_nodejs/backend/src/index.ts:4:12)
    at /Users/antoniojosebraun/study/angular_nodejs/backend/src/index.ts:21:23
    at newFn (/Users/antoniojosebraun/study/angular_nodejs/backend/node_modules/express-async-errors/index.js:16:20)
    at Layer.handle [as handle_request] (/Users/antoniojosebraun/study/angular_nodejs/backend/node_modules/express/lib/router/layer.js:95:5)
    at trim_prefix (/Users/antoniojosebraun/study/angular_nodejs/backend/node_modules/express/lib/router/index.js:328:13)
    at /Users/antoniojosebraun/study/angular_nodejs/backend/node_modules/express/lib/router/index.js:286:9 *|
2025-01-15T22:42:26.415Z, error: Category_1.Category.findAlll is not a function |* TypeError: Category_1.Category.findAlll is not a function
    at /Users/antoniojosebraun/study/angular_nodejs/backend/src/index.ts:23:20
    at Generator.next (<anonymous>)
    at /Users/antoniojosebraun/study/angular_nodejs/backend/src/index.ts:8:71
    at new Promise (<anonymous>)
    at __awaiter (/Users/antoniojosebraun/study/angular_nodejs/backend/src/index.ts:4:12)
    at /Users/antoniojosebraun/study/angular_nodejs/backend/src/index.ts:21:23
    at newFn (/Users/antoniojosebraun/study/angular_nodejs/backend/node_modules/express-async-errors/index.js:16:20)
    at Layer.handle [as handle_request] (/Users/antoniojosebraun/study/angular_nodejs/backend/node_modules/express/lib/router/layer.js:95:5)
    at trim_prefix (/Users/antoniojosebraun/study/angular_nodejs/backend/node_modules/express/lib/router/index.js:328:13)
    at /Users/antoniojosebraun/study/angular_nodejs/backend/node_modules/express/lib/router/index.js:286:9 *|
2025-01-15T23:04:53.324Z, error: Error |* Error: Error
    at /Users/antoniojosebraun/study/angular_nodejs/backend/src/index.ts:24:11
    at Generator.next (<anonymous>)
    at fulfilled (/Users/antoniojosebraun/study/angular_nodejs/backend/src/index.ts:5:58)
    at processTicksAndRejections (node:internal/process/task_queues:105:5) *|
2025-01-15T23:05:24.316Z, error: Error |* Error: Error
    at /Users/antoniojosebraun/study/angular_nodejs/backend/src/index.ts:24:11
    at Generator.next (<anonymous>)
    at fulfilled (/Users/antoniojosebraun/study/angular_nodejs/backend/src/index.ts:5:58)
    at processTicksAndRejections (node:internal/process/task_queues:105:5) *|
2025-01-15T23:05:32.590Z, error: Error |* Error: Error
    at /Users/antoniojosebraun/study/angular_nodejs/backend/src/index.ts:24:11
    at Generator.next (<anonymous>)
    at fulfilled (/Users/antoniojosebraun/study/angular_nodejs/backend/src/index.ts:5:58)
    at processTicksAndRejections (node:internal/process/task_queues:105:5) *|
2025-01-15T23:05:48.710Z, error: Error |* Error: Error
    at /Users/antoniojosebraun/study/angular_nodejs/backend/src/index.ts:24:11
    at Generator.next (<anonymous>)
    at fulfilled (/Users/antoniojosebraun/study/angular_nodejs/backend/src/index.ts:5:58)
    at processTicksAndRejections (node:internal/process/task_queues:105:5) *|
2025-01-16T01:00:21.134Z, error: Cannot set headers after they are sent to the client |* Error: Cannot set headers after they are sent to the client
    at ServerResponse.setHeader (node:_http_outgoing:699:11)
    at ServerResponse.header (/Users/antoniojosebraun/study/angular_nodejs/backend/node_modules/express/lib/response.js:794:10)
    at ServerResponse.send (/Users/antoniojosebraun/study/angular_nodejs/backend/node_modules/express/lib/response.js:174:12)
    at ServerResponse.json (/Users/antoniojosebraun/study/angular_nodejs/backend/node_modules/express/lib/response.js:278:15)
    at /Users/antoniojosebraun/study/angular_nodejs/backend/src/controllers/auth.controller.ts:100:21
    at Generator.next (<anonymous>)
    at fulfilled (/Users/antoniojosebraun/study/angular_nodejs/backend/src/controllers/auth.controller.ts:5:58)
    at processTicksAndRejections (node:internal/process/task_queues:105:5) *|
